<?xml version="1.0" encoding="utf-8"?>
<TestRun id="c9052acc-0bde-4a82-b140-53a852d4a57f" name="@MacBook-Air-de-Calebe 2026-06-09 00:37:09" xmlns="http://microsoft.com/schemas/VisualStudio/TeamTest/2010">
  <Times creation="2026-06-09T00:37:09.5542350-04:00" queuing="2026-06-09T00:37:09.5542350-04:00" start="2026-06-09T00:37:08.5526890-04:00" finish="2026-06-09T00:37:09.5571910-04:00" />
  <TestSettings name="default" id="c08d6b1e-ba3d-43a8-a03b-f8a3125638f7">
    <Deployment runDeploymentRoot="_MacBook-Air-de-Calebe_2026-06-09_00_37_09" />
  </TestSettings>
  <Results>
    <UnitTestResult executionId="05f9a009-6a34-40b6-b4fc-0e72e7f79759" testId="059785f3-8e73-6387-1bec-7294ab9163db" testName="Sentinela.Tests.Unit.DeteccaoServiceTests.AvaliarSensorAsync_FogoEmSoloSemSatelite_DeveGerarAlertaAltoSensor" computerName="MacBook-Air-de-Calebe" duration="00:00:00.5526946" startTime="2026-06-09T00:37:09.4129860-04:00" endTime="2026-06-09T00:37:09.4130000-04:00" testType="13cdc9d9-ddb5-4fa4-a97d-d965ccfc6d4b" outcome="Passed" testListId="8c84fa94-04c1-424b-9868-57a2d4851a1d" relativeResultsDirectory="05f9a009-6a34-40b6-b4fc-0e72e7f79759" />
    <UnitTestResult executionId="9c4e75e6-2deb-47d6-a639-5503c84fa867" testId="bf9c7783-ab55-aa82-5bf3-e2c17478d49e" testName="Sentinela.Tests.Integration.AreasApiTests.PostArea_Valida_DeveRetornar201ComLocationEId" computerName="MacBook-Air-de-Calebe" duration="00:00:00.6220750" startTime="2026-06-09T00:37:09.4819010-04:00" endTime="2026-06-09T00:37:09.4819010-04:00" testType="13cdc9d9-ddb5-4fa4-a97d-d965ccfc6d4b" outcome="Passed" testListId="8c84fa94-04c1-424b-9868-57a2d4851a1d" relativeResultsDirectory="9c4e75e6-2deb-47d6-a639-5503c84fa867" />
    <UnitTestResult executionId="e6799e36-932c-435b-83c8-b1812a9fb919" testId="d55b7381-41f4-2b00-96e3-ff316bcff201" testName="Sentinela.Tests.Unit.DeteccaoServiceTests.AvaliarSensorAsync_SensorInexistente_DeveLancarNotFoundException" computerName="MacBook-Air-de-Calebe" duration="00:00:00.0092947" startTime="2026-06-09T00:37:09.4353420-04:00" endTime="2026-06-09T00:37:09.4353420-04:00" testType="13cdc9d9-ddb5-4fa4-a97d-d965ccfc6d4b" outcome="Passed" testListId="8c84fa94-04c1-424b-9868-57a2d4851a1d" relativeResultsDirectory="e6799e36-932c-435b-83c8-b1812a9fb919" />
    <UnitTestResult executionId="3991d938-4a58-4b65-924d-59232de815a1" testId="d26f44c3-cbd5-2994-c386-b9be7560a9b4" testName="Sentinela.Tests.Unit.DeteccaoServiceTests.AvaliarSensorAsync_FogoEmSoloComSateliteConfiavel_DeveGerarAlertaCriticoFusao" computerName="MacBook-Air-de-Calebe" duration="00:00:00.0053569" startTime="2026-06-09T00:37:09.4407980-04:00" endTime="2026-06-09T00:37:09.4407980-04:00" testType="13cdc9d9-ddb5-4fa4-a97d-d965ccfc6d4b" outcome="Passed" testListId="8c84fa94-04c1-424b-9868-57a2d4851a1d" relativeResultsDirectory="3991d938-4a58-4b65-924d-59232de815a1" />
    <UnitTestResult executionId="09b3088f-c937-443d-aa3f-104d9493ae21" testId="1f28dea6-7d01-9f35-5333-a592b58414ae" testName="Sentinela.Tests.Integration.AlertasApiTests.GetAlertas_FiltrandoPorNivelCritico_DeveRetornar200ComPeloMenosUm" computerName="MacBook-Air-de-Calebe" duration="00:00:00.6263348" startTime="2026-06-09T00:37:09.4853690-04:00" endTime="2026-06-09T00:37:09.4853690-04:00" testType="13cdc9d9-ddb5-4fa4-a97d-d965ccfc6d4b" outcome="Passed" testListId="8c84fa94-04c1-424b-9868-57a2d4851a1d" relativeResultsDirectory="09b3088f-c937-443d-aa3f-104d9493ae21" />
    <UnitTestResult executionId="048126cb-27c0-4477-ae53-5fd4ed39cdc8" testId="0467b858-d365-25da-2093-9a5bbefcd45e" testName="Sentinela.Tests.Integration.AlertasApiTests.GetAlertaPorId_Inexistente_DeveRetornar404" computerName="MacBook-Air-de-Calebe" duration="00:00:00.0082449" startTime="2026-06-09T00:37:09.4938030-04:00" endTime="2026-06-09T00:37:09.4938030-04:00" testType="13cdc9d9-ddb5-4fa4-a97d-d965ccfc6d4b" outcome="Passed" testListId="8c84fa94-04c1-424b-9868-57a2d4851a1d" relativeResultsDirectory="048126cb-27c0-4477-ae53-5fd4ed39cdc8" />
    <UnitTestResult executionId="0d610aff-91f2-49b4-bcd5-13ba05a549ec" testId="fa4d1bd6-b463-f084-075a-f7e905deb48f" testName="Sentinela.Tests.Integration.LeiturasApiTests.PostLeitura_CorpoInvalido_DeveRetornar400" computerName="MacBook-Air-de-Calebe" duration="00:00:00.6219375" startTime="2026-06-09T00:37:09.4818760-04:00" endTime="2026-06-09T00:37:09.4818760-04:00" testType="13cdc9d9-ddb5-4fa4-a97d-d965ccfc6d4b" outcome="Passed" testListId="8c84fa94-04c1-424b-9868-57a2d4851a1d" relativeResultsDirectory="0d610aff-91f2-49b4-bcd5-13ba05a549ec" />
    <UnitTestResult executionId="43df8ae7-1f03-40ee-b791-65b080e57489" testId="768b9e3a-2930-892a-c33e-deac79a959da" testName="Sentinela.Tests.Unit.DeteccaoServiceTests.AvaliarSensorAsync_LeiturasAbaixoDoLimiar_NaoDeveGerarAlerta" computerName="MacBook-Air-de-Calebe" duration="00:00:00.0132337" startTime="2026-06-09T00:37:09.4260500-04:00" endTime="2026-06-09T00:37:09.4260500-04:00" testType="13cdc9d9-ddb5-4fa4-a97d-d965ccfc6d4b" outcome="Passed" testListId="8c84fa94-04c1-424b-9868-57a2d4851a1d" relativeResultsDirectory="43df8ae7-1f03-40ee-b791-65b080e57489" />
  </Results>
  <TestDefinitions>
    <UnitTest name="Sentinela.Tests.Unit.DeteccaoServiceTests.AvaliarSensorAsync_FogoEmSoloSemSatelite_DeveGerarAlertaAltoSensor" storage="/users/calebepereira/downloads/sentinela/api/tests/sentinela.tests/bin/debug/net8.0/sentinela.tests.dll" id="059785f3-8e73-6387-1bec-7294ab9163db">
      <Execution id="05f9a009-6a34-40b6-b4fc-0e72e7f79759" />
      <TestMethod codeBase="/Users/calebepereira/Downloads/sentinela/api/tests/Sentinela.Tests/bin/Debug/net8.0/Sentinela.Tests.dll" adapterTypeName="executor://xunit/VsTestRunner2/netcoreapp" className="Sentinela.Tests.Unit.DeteccaoServiceTests" name="AvaliarSensorAsync_FogoEmSoloSemSatelite_DeveGerarAlertaAltoSensor" />
    </UnitTest>
    <UnitTest name="Sentinela.Tests.Unit.DeteccaoServiceTests.AvaliarSensorAsync_FogoEmSoloComSateliteConfiavel_DeveGerarAlertaCriticoFusao" storage="/users/calebepereira/downloads/sentinela/api/tests/sentinela.tests/bin/debug/net8.0/sentinela.tests.dll" id="d26f44c3-cbd5-2994-c386-b9be7560a9b4">
      <Execution id="3991d938-4a58-4b65-924d-59232de815a1" />
      <TestMethod codeBase="/Users/calebepereira/Downloads/sentinela/api/tests/Sentinela.Tests/bin/Debug/net8.0/Sentinela.Tests.dll" adapterTypeName="executor://xunit/VsTestRunner2/netcoreapp" className="Sentinela.Tests.Unit.DeteccaoServiceTests" name="AvaliarSensorAsync_FogoEmSoloComSateliteConfiavel_DeveGerarAlertaCriticoFusao" />
    </UnitTest>
    <UnitTest name="Sentinela.Tests.Integration.LeiturasApiTests.PostLeitura_CorpoInvalido_DeveRetornar400" storage="/users/calebepereira/downloads/sentinela/api/tests/sentinela.tests/bin/debug/net8.0/sentinela.tests.dll" id="fa4d1bd6-b463-f084-075a-f7e905deb48f">
      <Execution id="0d610aff-91f2-49b4-bcd5-13ba05a549ec" />
      <TestMethod codeBase="/Users/calebepereira/Downloads/sentinela/api/tests/Sentinela.Tests/bin/Debug/net8.0/Sentinela.Tests.dll" adapterTypeName="executor://xunit/VsTestRunner2/netcoreapp" className="Sentinela.Tests.Integration.LeiturasApiTests" name="PostLeitura_CorpoInvalido_DeveRetornar400" />
    </UnitTest>
    <UnitTest name="Sentinela.Tests.Integration.AreasApiTests.PostArea_Valida_DeveRetornar201ComLocationEId" storage="/users/calebepereira/downloads/sentinela/api/tests/sentinela.tests/bin/debug/net8.0/sentinela.tests.dll" id="bf9c7783-ab55-aa82-5bf3-e2c17478d49e">
      <Execution id="9c4e75e6-2deb-47d6-a639-5503c84fa867" />
      <TestMethod codeBase="/Users/calebepereira/Downloads/sentinela/api/tests/Sentinela.Tests/bin/Debug/net8.0/Sentinela.Tests.dll" adapterTypeName="executor://xunit/VsTestRunner2/netcoreapp" className="Sentinela.Tests.Integration.AreasApiTests" name="PostArea_Valida_DeveRetornar201ComLocationEId" />
    </UnitTest>
    <UnitTest name="Sentinela.Tests.Unit.DeteccaoServiceTests.AvaliarSensorAsync_LeiturasAbaixoDoLimiar_NaoDeveGerarAlerta" storage="/users/calebepereira/downloads/sentinela/api/tests/sentinela.tests/bin/debug/net8.0/sentinela.tests.dll" id="768b9e3a-2930-892a-c33e-deac79a959da">
      <Execution id="43df8ae7-1f03-40ee-b791-65b080e57489" />
      <TestMethod codeBase="/Users/calebepereira/Downloads/sentinela/api/tests/Sentinela.Tests/bin/Debug/net8.0/Sentinela.Tests.dll" adapterTypeName="executor://xunit/VsTestRunner2/netcoreapp" className="Sentinela.Tests.Unit.DeteccaoServiceTests" name="AvaliarSensorAsync_LeiturasAbaixoDoLimiar_NaoDeveGerarAlerta" />
    </UnitTest>
    <UnitTest name="Sentinela.Tests.Integration.AlertasApiTests.GetAlertas_FiltrandoPorNivelCritico_DeveRetornar200ComPeloMenosUm" storage="/users/calebepereira/downloads/sentinela/api/tests/sentinela.tests/bin/debug/net8.0/sentinela.tests.dll" id="1f28dea6-7d01-9f35-5333-a592b58414ae">
      <Execution id="09b3088f-c937-443d-aa3f-104d9493ae21" />
      <TestMethod codeBase="/Users/calebepereira/Downloads/sentinela/api/tests/Sentinela.Tests/bin/Debug/net8.0/Sentinela.Tests.dll" adapterTypeName="executor://xunit/VsTestRunner2/netcoreapp" className="Sentinela.Tests.Integration.AlertasApiTests" name="GetAlertas_FiltrandoPorNivelCritico_DeveRetornar200ComPeloMenosUm" />
    </UnitTest>
    <UnitTest name="Sentinela.Tests.Unit.DeteccaoServiceTests.AvaliarSensorAsync_SensorInexistente_DeveLancarNotFoundException" storage="/users/calebepereira/downloads/sentinela/api/tests/sentinela.tests/bin/debug/net8.0/sentinela.tests.dll" id="d55b7381-41f4-2b00-96e3-ff316bcff201">
      <Execution id="e6799e36-932c-435b-83c8-b1812a9fb919" />
      <TestMethod codeBase="/Users/calebepereira/Downloads/sentinela/api/tests/Sentinela.Tests/bin/Debug/net8.0/Sentinela.Tests.dll" adapterTypeName="executor://xunit/VsTestRunner2/netcoreapp" className="Sentinela.Tests.Unit.DeteccaoServiceTests" name="AvaliarSensorAsync_SensorInexistente_DeveLancarNotFoundException" />
    </UnitTest>
    <UnitTest name="Sentinela.Tests.Integration.AlertasApiTests.GetAlertaPorId_Inexistente_DeveRetornar404" storage="/users/calebepereira/downloads/sentinela/api/tests/sentinela.tests/bin/debug/net8.0/sentinela.tests.dll" id="0467b858-d365-25da-2093-9a5bbefcd45e">
      <Execution id="048126cb-27c0-4477-ae53-5fd4ed39cdc8" />
      <TestMethod codeBase="/Users/calebepereira/Downloads/sentinela/api/tests/Sentinela.Tests/bin/Debug/net8.0/Sentinela.Tests.dll" adapterTypeName="executor://xunit/VsTestRunner2/netcoreapp" className="Sentinela.Tests.Integration.AlertasApiTests" name="GetAlertaPorId_Inexistente_DeveRetornar404" />
    </UnitTest>
  </TestDefinitions>
  <TestEntries>
    <TestEntry testId="059785f3-8e73-6387-1bec-7294ab9163db" executionId="05f9a009-6a34-40b6-b4fc-0e72e7f79759" testListId="8c84fa94-04c1-424b-9868-57a2d4851a1d" />
    <TestEntry testId="bf9c7783-ab55-aa82-5bf3-e2c17478d49e" executionId="9c4e75e6-2deb-47d6-a639-5503c84fa867" testListId="8c84fa94-04c1-424b-9868-57a2d4851a1d" />
    <TestEntry testId="d55b7381-41f4-2b00-96e3-ff316bcff201" executionId="e6799e36-932c-435b-83c8-b1812a9fb919" testListId="8c84fa94-04c1-424b-9868-57a2d4851a1d" />
    <TestEntry testId="d26f44c3-cbd5-2994-c386-b9be7560a9b4" executionId="3991d938-4a58-4b65-924d-59232de815a1" testListId="8c84fa94-04c1-424b-9868-57a2d4851a1d" />
    <TestEntry testId="1f28dea6-7d01-9f35-5333-a592b58414ae" executionId="09b3088f-c937-443d-aa3f-104d9493ae21" testListId="8c84fa94-04c1-424b-9868-57a2d4851a1d" />
    <TestEntry testId="0467b858-d365-25da-2093-9a5bbefcd45e" executionId="048126cb-27c0-4477-ae53-5fd4ed39cdc8" testListId="8c84fa94-04c1-424b-9868-57a2d4851a1d" />
    <TestEntry testId="fa4d1bd6-b463-f084-075a-f7e905deb48f" executionId="0d610aff-91f2-49b4-bcd5-13ba05a549ec" testListId="8c84fa94-04c1-424b-9868-57a2d4851a1d" />
    <TestEntry testId="768b9e3a-2930-892a-c33e-deac79a959da" executionId="43df8ae7-1f03-40ee-b791-65b080e57489" testListId="8c84fa94-04c1-424b-9868-57a2d4851a1d" />
  </TestEntries>
  <TestLists>
    <TestList name="Resultados que não estão em uma lista" id="8c84fa94-04c1-424b-9868-57a2d4851a1d" />
    <TestList name="Todos os resultados carregados" id="19431567-8539-422a-85d7-44ee4e166bda" />
  </TestLists>
  <ResultSummary outcome="Completed">
    <Counters total="8" executed="8" passed="8" failed="0" error="0" timeout="0" aborted="0" inconclusive="0" passedButRunAborted="0" notRunnable="0" notExecuted="0" disconnected="0" warning="0" completed="0" inProgress="0" pending="0" />
    <Output>
      <StdOut>[xUnit.net 00:00:00.00] xUnit.net VSTest Adapter v2.8.2+699d445a1a (64-bit .NET 8.0.27)
[xUnit.net 00:00:00.04]   Discovering: Sentinela.Tests
[xUnit.net 00:00:00.05]   Discovered:  Sentinela.Tests
[xUnit.net 00:00:00.05]   Starting:    Sentinela.Tests
info: Microsoft.AspNetCore.Hosting.Diagnostics[1]
      Request starting HTTP/1.1 POST http://localhost/api/areas - application/json;+charset=utf-8 155
info: Microsoft.AspNetCore.Hosting.Diagnostics[1]
      Request starting HTTP/1.1 POST http://localhost/api/leituras - application/json;+charset=utf-8 28
info: Microsoft.AspNetCore.Hosting.Diagnostics[1]
      Request starting HTTP/1.1 GET http://localhost/api/alertas?nivel=Critico - - -
info: Microsoft.AspNetCore.Routing.EndpointMiddleware[0]
      Executing endpoint 'Sentinela.Api.Controllers.AreasController.Create (Sentinela.Api)'
info: Microsoft.AspNetCore.Routing.EndpointMiddleware[0]
      Executing endpoint 'Sentinela.Api.Controllers.LeiturasController.Create (Sentinela.Api)'
info: Microsoft.AspNetCore.Routing.EndpointMiddleware[0]
      Executing endpoint 'Sentinela.Api.Controllers.AlertasController.GetAll (Sentinela.Api)'
info: Microsoft.AspNetCore.Mvc.Infrastructure.ControllerActionInvoker[102]
      Route matched with {action = "Create", controller = "Areas"}. Executing controller action with signature System.Threading.Tasks.Task`1[Microsoft.AspNetCore.Mvc.ActionResult`1[Sentinela.Api.Dtos.AreaResponse]] Create(Sentinela.Api.Dtos.AreaCreateRequest, System.Threading.CancellationToken) on controller Sentinela.Api.Controllers.AreasController (Sentinela.Api).
info: Microsoft.AspNetCore.Mvc.Infrastructure.ControllerActionInvoker[102]
      Route matched with {action = "GetAll", controller = "Alertas"}. Executing controller action with signature System.Threading.Tasks.Task`1[Microsoft.AspNetCore.Mvc.ActionResult`1[System.Collections.Generic.IReadOnlyList`1[Sentinela.Api.Dtos.AlertaResponse]]] GetAll(System.Nullable`1[Sentinela.Api.Domain.Enums.NivelAlerta], System.Nullable`1[Sentinela.Api.Domain.Enums.StatusAlerta], System.Nullable`1[System.Int32], System.Threading.CancellationToken) on controller Sentinela.Api.Controllers.AlertasController (Sentinela.Api).
info: Microsoft.AspNetCore.Mvc.Infrastructure.ControllerActionInvoker[102]
      Route matched with {action = "Create", controller = "Leituras"}. Executing controller action with signature System.Threading.Tasks.Task`1[Microsoft.AspNetCore.Mvc.ActionResult`1[Sentinela.Api.Dtos.LeituraResponse]] Create(Sentinela.Api.Dtos.LeituraCreateRequest, System.Threading.CancellationToken) on controller Sentinela.Api.Controllers.LeiturasController (Sentinela.Api).
info: Microsoft.AspNetCore.Mvc.Infrastructure.ObjectResultExecutor[1]
      Executing BadRequestObjectResult, writing value of type 'Microsoft.AspNetCore.Mvc.ValidationProblemDetails'.
info: Microsoft.AspNetCore.Mvc.Infrastructure.ObjectResultExecutor[1]
      Executing OkObjectResult, writing value of type 'System.Collections.Generic.List`1[[Sentinela.Api.Dtos.AlertaResponse, Sentinela.Api, Version=1.0.0.0, Culture=neutral, PublicKeyToken=null]]'.
info: Microsoft.AspNetCore.Mvc.Infrastructure.ObjectResultExecutor[1]
      Executing CreatedAtActionResult, writing value of type 'Sentinela.Api.Dtos.AreaResponse'.
info: Microsoft.AspNetCore.Mvc.Infrastructure.ControllerActionInvoker[105]
      Executed action Sentinela.Api.Controllers.LeiturasController.Create (Sentinela.Api) in 25.6208ms
info: Microsoft.AspNetCore.Mvc.Infrastructure.ControllerActionInvoker[105]
      Executed action Sentinela.Api.Controllers.AlertasController.GetAll (Sentinela.Api) in 26.7444ms
info: Microsoft.AspNetCore.Mvc.Infrastructure.ControllerActionInvoker[105]
      Executed action Sentinela.Api.Controllers.AreasController.Create (Sentinela.Api) in 25.6235ms
info: Microsoft.AspNetCore.Routing.EndpointMiddleware[1]
      Executed endpoint 'Sentinela.Api.Controllers.LeiturasController.Create (Sentinela.Api)'
info: Microsoft.AspNetCore.Routing.EndpointMiddleware[1]
      Executed endpoint 'Sentinela.Api.Controllers.AlertasController.GetAll (Sentinela.Api)'
info: Microsoft.AspNetCore.Routing.EndpointMiddleware[1]
      Executed endpoint 'Sentinela.Api.Controllers.AreasController.Create (Sentinela.Api)'
info: Microsoft.AspNetCore.Hosting.Diagnostics[2]
      Request finished HTTP/1.1 GET http://localhost/api/alertas?nivel=Critico - 200 - application/json;+charset=utf-8 51.8936ms
info: Microsoft.AspNetCore.Hosting.Diagnostics[2]
      Request finished HTTP/1.1 POST http://localhost/api/areas - 201 - application/json;+charset=utf-8 51.9075ms
info: Microsoft.AspNetCore.Hosting.Diagnostics[2]
      Request finished HTTP/1.1 POST http://localhost/api/leituras - 400 - application/json;+charset=utf-8 51.9125ms
info: Microsoft.AspNetCore.Hosting.Diagnostics[1]
      Request starting HTTP/1.1 GET http://localhost/api/alertas/9999 - - -
info: Microsoft.AspNetCore.Routing.EndpointMiddleware[0]
      Executing endpoint 'Sentinela.Api.Controllers.AlertasController.GetById (Sentinela.Api)'
info: Microsoft.AspNetCore.Mvc.Infrastructure.ControllerActionInvoker[102]
      Route matched with {action = "GetById", controller = "Alertas"}. Executing controller action with signature System.Threading.Tasks.Task`1[Microsoft.AspNetCore.Mvc.ActionResult`1[Sentinela.Api.Dtos.AlertaResponse]] GetById(Int32, System.Threading.CancellationToken) on controller Sentinela.Api.Controllers.AlertasController (Sentinela.Api).
info: Microsoft.AspNetCore.Mvc.Infrastructure.ControllerActionInvoker[105]
      Executed action Sentinela.Api.Controllers.AlertasController.GetById (Sentinela.Api) in 4.3112ms
info: Microsoft.AspNetCore.Routing.EndpointMiddleware[1]
      Executed endpoint 'Sentinela.Api.Controllers.AlertasController.GetById (Sentinela.Api)'
info: Microsoft.AspNetCore.Hosting.Diagnostics[2]
      Request finished HTTP/1.1 GET http://localhost/api/alertas/9999 - 404 - application/problem+json 7.6629ms
[xUnit.net 00:00:00.70]   Finished:    Sentinela.Tests
</StdOut>
    </Output>
  </ResultSummary>
</TestRun>